<?xml version="1.0" encoding="UTF-8"?>
<!-- Generated by org.testng.reporters.JUnitReportReporter -->
<testsuite hostname="DESKTOP-H6S43CF" failures="0" tests="1" name="test1" time="0.015" errors="0" timestamp="1 Mar 2020 11:44:04 GMT">
  <testcase classname="test1" name="setup" time="0.015"/>
</testsuite> <!-- test1 -->
