<?xml version="1.0" encoding="UTF-8"?>
<!-- Generated by org.testng.reporters.JUnitReportReporter -->
<testsuite hostname="DESKTOP-H6S43CF" failures="0" tests="1" name="TC01" time="9.788" errors="0" timestamp="1 Mar 2020 10:16:52 GMT">
  <testcase classname="TC01" name="testSecond" time="9.788"/>
</testsuite> <!-- TC01 -->
