<?xml version="1.0" encoding="UTF-8"?>
<!-- Generated by org.testng.reporters.JUnitReportReporter -->
<testsuite hostname="DESKTOP-H6S43CF" failures="0" tests="1" name="DemoTest" time="210.788" errors="0" timestamp="28 Feb 2020 12:01:45 GMT">
  <testcase classname="DemoTest" name="TestOne" time="210.788"/>
</testsuite> <!-- DemoTest -->
