<?xml version="1.0" encoding="UTF-8"?>
<!-- Generated by org.testng.reporters.JUnitReportReporter -->
<testsuite hostname="DESKTOP-H6S43CF" failures="0" tests="1" name="example.test1" time="0.006" errors="0" timestamp="1 Mar 2020 11:11:13 GMT">
  <testcase classname="example.test1" name="setip" time="0.006"/>
</testsuite> <!-- example.test1 -->
